C:\COURSES\PMFBL I UOS 2014-14\LITERATURA\OSC\WIN\3.6_1_PIPE_PARENT\DEBUG\PARENT.OBJ
C:\COURSES\PMFBL I UOS 2014-14\LITERATURA\OSC\WIN\3.6_1_PIPE_PARENT\DEBUG\VC110.PDB
C:\COURSES\PMFBL I UOS 2014-14\LITERATURA\OSC\WIN\DEBUG\PARENT.ILK
C:\COURSES\PMFBL I UOS 2014-14\LITERATURA\OSC\WIN\DEBUG\PARENT.EXE
C:\COURSES\PMFBL I UOS 2014-14\LITERATURA\OSC\WIN\DEBUG\PARENT.PDB
C:\Courses\PmfBl I UOS 2014-14\Literatura\OSC\win\3.6_1_pipe_parent\Debug\parent.obj
C:\Courses\PmfBl I UOS 2014-14\Literatura\OSC\win\3.6_1_pipe_parent\Debug\cl.command.1.tlog
C:\Courses\PmfBl I UOS 2014-14\Literatura\OSC\win\3.6_1_pipe_parent\Debug\CL.read.1.tlog
C:\Courses\PmfBl I UOS 2014-14\Literatura\OSC\win\3.6_1_pipe_parent\Debug\CL.write.1.tlog
C:\Courses\PmfBl I UOS 2014-14\Literatura\OSC\win\3.6_1_pipe_parent\Debug\link-cvtres.read.1.tlog
C:\Courses\PmfBl I UOS 2014-14\Literatura\OSC\win\3.6_1_pipe_parent\Debug\link-cvtres.write.1.tlog
C:\Courses\PmfBl I UOS 2014-14\Literatura\OSC\win\3.6_1_pipe_parent\Debug\link-rc.read.1.tlog
C:\Courses\PmfBl I UOS 2014-14\Literatura\OSC\win\3.6_1_pipe_parent\Debug\link-rc.write.1.tlog
C:\Courses\PmfBl I UOS 2014-14\Literatura\OSC\win\3.6_1_pipe_parent\Debug\link.command.1.tlog
C:\Courses\PmfBl I UOS 2014-14\Literatura\OSC\win\3.6_1_pipe_parent\Debug\link.read.1.tlog
C:\Courses\PmfBl I UOS 2014-14\Literatura\OSC\win\3.6_1_pipe_parent\Debug\link.write.1.tlog
C:\Courses\PmfBl I UOS 2014-14\Literatura\OSC\win\3.6_1_pipe_parent\Debug\vc110.idb
C:\Courses\PmfBl I UOS 2014-14\Literatura\OSC\win\3.6_1_pipe_parent\Debug\vc110.pdb
C:\Courses\PmfBl I UOS 2014-14\Literatura\OSC\win\Debug\parent.pdb
C:\Courses\PmfBl I UOS 2014-14\Literatura\OSC\win\Debug\parent.exe
C:\Courses\PmfBl I UOS 2014-14\Literatura\OSC\win\Debug\parent.ilk
