C:\COURSES\PMFBL I UOS 2014-14\LITERATURA\OSC\WIN\U03.26_PIPE_REVERSE\DEBUG\PIPE_SERVER.OBJ
C:\COURSES\PMFBL I UOS 2014-14\LITERATURA\OSC\WIN\U03.26_PIPE_REVERSE\DEBUG\VC110.PDB
C:\COURSES\PMFBL I UOS 2014-14\LITERATURA\OSC\WIN\DEBUG\U03.26_PIPE_REVERSE.ILK
C:\COURSES\PMFBL I UOS 2014-14\LITERATURA\OSC\WIN\DEBUG\U03.26_PIPE_REVERSE.EXE
C:\COURSES\PMFBL I UOS 2014-14\LITERATURA\OSC\WIN\DEBUG\U03.26_PIPE_REVERSE.PDB
C:\Courses\PmfBl I UOS 2014-14\Literatura\OSC\win\u03.26_pipe_reverse\Debug\pipe_server.obj
C:\Courses\PmfBl I UOS 2014-14\Literatura\OSC\win\u03.26_pipe_reverse\Debug\cl.command.1.tlog
C:\Courses\PmfBl I UOS 2014-14\Literatura\OSC\win\u03.26_pipe_reverse\Debug\CL.read.1.tlog
C:\Courses\PmfBl I UOS 2014-14\Literatura\OSC\win\u03.26_pipe_reverse\Debug\CL.write.1.tlog
C:\Courses\PmfBl I UOS 2014-14\Literatura\OSC\win\u03.26_pipe_reverse\Debug\link-cvtres.read.1.tlog
C:\Courses\PmfBl I UOS 2014-14\Literatura\OSC\win\u03.26_pipe_reverse\Debug\link-cvtres.write.1.tlog
C:\Courses\PmfBl I UOS 2014-14\Literatura\OSC\win\u03.26_pipe_reverse\Debug\link-rc.read.1.tlog
C:\Courses\PmfBl I UOS 2014-14\Literatura\OSC\win\u03.26_pipe_reverse\Debug\link-rc.write.1.tlog
C:\Courses\PmfBl I UOS 2014-14\Literatura\OSC\win\u03.26_pipe_reverse\Debug\link.command.1.tlog
C:\Courses\PmfBl I UOS 2014-14\Literatura\OSC\win\u03.26_pipe_reverse\Debug\link.read.1.tlog
C:\Courses\PmfBl I UOS 2014-14\Literatura\OSC\win\u03.26_pipe_reverse\Debug\link.write.1.tlog
C:\Courses\PmfBl I UOS 2014-14\Literatura\OSC\win\u03.26_pipe_reverse\Debug\vc110.idb
C:\Courses\PmfBl I UOS 2014-14\Literatura\OSC\win\u03.26_pipe_reverse\Debug\vc110.pdb
C:\Courses\PmfBl I UOS 2014-14\Literatura\OSC\win\Debug\u03.26_pipe_reverse.pdb
C:\Courses\PmfBl I UOS 2014-14\Literatura\OSC\win\Debug\u03.26_pipe_reverse.exe
C:\Courses\PmfBl I UOS 2014-14\Literatura\OSC\win\Debug\u03.26_pipe_reverse.ilk
