C:\COURSES\PMFBL I UOS 2014-14\LITERATURA\OSC\WIN\3.3_1_NEW_PROCESS\3.3_1_NEW_PROCESS\DEBUG\NEWPROC.OBJ
C:\COURSES\PMFBL I UOS 2014-14\LITERATURA\OSC\WIN\3.3_1_NEW_PROCESS\3.3_1_NEW_PROCESS\DEBUG\VC110.PDB
C:\COURSES\PMFBL I UOS 2014-14\LITERATURA\OSC\WIN\DEBUG\3.3_1_NEW_PROCESS.ILK
C:\COURSES\PMFBL I UOS 2014-14\LITERATURA\OSC\WIN\DEBUG\3.3_1_NEW_PROCESS.EXE
C:\COURSES\PMFBL I UOS 2014-14\LITERATURA\OSC\WIN\DEBUG\3.3_1_NEW_PROCESS.PDB
C:\Courses\PmfBl I UOS 2014-14\Literatura\OSC\win\3.3_1_new_process\3.3_1_new_process\Debug\newProc.obj
C:\Courses\PmfBl I UOS 2014-14\Literatura\OSC\win\3.3_1_new_process\3.3_1_new_process\Debug\cl.command.1.tlog
C:\Courses\PmfBl I UOS 2014-14\Literatura\OSC\win\3.3_1_new_process\3.3_1_new_process\Debug\CL.read.1.tlog
C:\Courses\PmfBl I UOS 2014-14\Literatura\OSC\win\3.3_1_new_process\3.3_1_new_process\Debug\CL.write.1.tlog
C:\Courses\PmfBl I UOS 2014-14\Literatura\OSC\win\3.3_1_new_process\3.3_1_new_process\Debug\link-cvtres.read.1.tlog
C:\Courses\PmfBl I UOS 2014-14\Literatura\OSC\win\3.3_1_new_process\3.3_1_new_process\Debug\link-cvtres.write.1.tlog
C:\Courses\PmfBl I UOS 2014-14\Literatura\OSC\win\3.3_1_new_process\3.3_1_new_process\Debug\link-rc.read.1.tlog
C:\Courses\PmfBl I UOS 2014-14\Literatura\OSC\win\3.3_1_new_process\3.3_1_new_process\Debug\link-rc.write.1.tlog
C:\Courses\PmfBl I UOS 2014-14\Literatura\OSC\win\3.3_1_new_process\3.3_1_new_process\Debug\link.command.1.tlog
C:\Courses\PmfBl I UOS 2014-14\Literatura\OSC\win\3.3_1_new_process\3.3_1_new_process\Debug\link.read.1.tlog
C:\Courses\PmfBl I UOS 2014-14\Literatura\OSC\win\3.3_1_new_process\3.3_1_new_process\Debug\link.write.1.tlog
C:\Courses\PmfBl I UOS 2014-14\Literatura\OSC\win\3.3_1_new_process\3.3_1_new_process\Debug\vc110.idb
C:\Courses\PmfBl I UOS 2014-14\Literatura\OSC\win\3.3_1_new_process\3.3_1_new_process\Debug\vc110.pdb
C:\Courses\PmfBl I UOS 2014-14\Literatura\OSC\win\Debug\3.3_1_new_process.pdb
C:\Courses\PmfBl I UOS 2014-14\Literatura\OSC\win\Debug\3.3_1_new_process.exe
C:\Courses\PmfBl I UOS 2014-14\Literatura\OSC\win\Debug\3.3_1_new_process.ilk
