C:\COURSES\PMFBL I UOS 2014-14\LITERATURA\OSC\WIN\3.6_1_PIPE_CLIENT\DEBUG\CHILD.OBJ
C:\COURSES\PMFBL I UOS 2014-14\LITERATURA\OSC\WIN\3.6_1_PIPE_CLIENT\DEBUG\VC110.PDB
C:\COURSES\PMFBL I UOS 2014-14\LITERATURA\OSC\WIN\DEBUG\CHILD.ILK
C:\COURSES\PMFBL I UOS 2014-14\LITERATURA\OSC\WIN\DEBUG\CHILD.EXE
C:\COURSES\PMFBL I UOS 2014-14\LITERATURA\OSC\WIN\DEBUG\CHILD.PDB
C:\Courses\PmfBl I UOS 2014-14\Literatura\OSC\win\3.6_1_pipe_client\Debug\child.obj
C:\Courses\PmfBl I UOS 2014-14\Literatura\OSC\win\3.6_1_pipe_client\Debug\cl.command.1.tlog
C:\Courses\PmfBl I UOS 2014-14\Literatura\OSC\win\3.6_1_pipe_client\Debug\CL.read.1.tlog
C:\Courses\PmfBl I UOS 2014-14\Literatura\OSC\win\3.6_1_pipe_client\Debug\CL.write.1.tlog
C:\Courses\PmfBl I UOS 2014-14\Literatura\OSC\win\3.6_1_pipe_client\Debug\link-cvtres.read.1.tlog
C:\Courses\PmfBl I UOS 2014-14\Literatura\OSC\win\3.6_1_pipe_client\Debug\link-cvtres.write.1.tlog
C:\Courses\PmfBl I UOS 2014-14\Literatura\OSC\win\3.6_1_pipe_client\Debug\link-rc.read.1.tlog
C:\Courses\PmfBl I UOS 2014-14\Literatura\OSC\win\3.6_1_pipe_client\Debug\link-rc.write.1.tlog
C:\Courses\PmfBl I UOS 2014-14\Literatura\OSC\win\3.6_1_pipe_client\Debug\link.command.1.tlog
C:\Courses\PmfBl I UOS 2014-14\Literatura\OSC\win\3.6_1_pipe_client\Debug\link.read.1.tlog
C:\Courses\PmfBl I UOS 2014-14\Literatura\OSC\win\3.6_1_pipe_client\Debug\link.write.1.tlog
C:\Courses\PmfBl I UOS 2014-14\Literatura\OSC\win\3.6_1_pipe_client\Debug\vc110.idb
C:\Courses\PmfBl I UOS 2014-14\Literatura\OSC\win\3.6_1_pipe_client\Debug\vc110.pdb
C:\Courses\PmfBl I UOS 2014-14\Literatura\OSC\win\Debug\child.pdb
C:\Courses\PmfBl I UOS 2014-14\Literatura\OSC\win\Debug\child.exe
C:\Courses\PmfBl I UOS 2014-14\Literatura\OSC\win\Debug\child.ilk
